{"D:\\MAUP\\DB Protection\\App\\server\\src\\db\\connectToDB.ts": {"path":"D:\\MAUP\\DB Protection\\App\\server\\src\\db\\connectToDB.ts","statementMap":{"0":{"start":{"line":1,"column":0},"end":{"line":1,"column":32}},"1":{"start":{"line":4,"column":4},"end":{"line":9,"column":null}},"2":{"start":{"line":5,"column":8},"end":{"line":5,"column":39}},"3":{"start":{"line":6,"column":8},"end":{"line":6,"column":65}},"4":{"start":{"line":8,"column":8},"end":{"line":8,"column":20}},"5":{"start":{"line":3,"column":0},"end":{"line":3,"column":15}}},"fnMap":{"0":{"name":"connectToDataBase","decl":{"start":{"line":3,"column":30},"end":{"line":3,"column":47}},"loc":{"start":{"line":3,"column":62},"end":{"line":10,"column":1}}}},"branchMap":{},"s":{"0":1,"1":2,"2":2,"3":1,"4":1,"5":1},"f":{"0":2},"b":{}}
,"D:\\MAUP\\DB Protection\\App\\server\\src\\products\\product-model.ts": {"path":"D:\\MAUP\\DB Protection\\App\\server\\src\\products\\product-model.ts","statementMap":{"0":{"start":{"line":2,"column":0},"end":{"line":2,"column":44}},"1":{"start":{"line":15,"column":22},"end":{"line":23,"column":2}},"2":{"start":{"line":25,"column":21},"end":{"line":25,"column":61}},"3":{"start":{"line":27,"column":0},"end":{"line":27,"column":28}}},"fnMap":{},"branchMap":{},"s":{"0":1,"1":1,"2":1,"3":1},"f":{},"b":{}}
,"D:\\MAUP\\DB Protection\\App\\server\\src\\products\\products-service.ts": {"path":"D:\\MAUP\\DB Protection\\App\\server\\src\\products\\products-service.ts","statementMap":{"0":{"start":{"line":1,"column":0},"end":{"line":1,"column":53}},"1":{"start":{"line":3,"column":0},"end":{"line":3,"column":46}},"2":{"start":{"line":6,"column":0},"end":{"line":6,"column":72}},"3":{"start":{"line":18,"column":2},"end":{"line":20,"column":5}},"4":{"start":{"line":19,"column":4},"end":{"line":19,"column":33}},"5":{"start":{"line":28,"column":31},"end":{"line":28,"column":56}},"6":{"start":{"line":30,"column":2},"end":{"line":30,"column":46}},"7":{"start":{"line":31,"column":2},"end":{"line":31,"column":11}},"8":{"start":{"line":44,"column":4},"end":{"line":48,"column":null}},"9":{"start":{"line":45,"column":6},"end":{"line":45,"column":77}},"10":{"start":{"line":47,"column":6},"end":{"line":47,"column":18}},"11":{"start":{"line":56,"column":4},"end":{"line":60,"column":null}},"12":{"start":{"line":57,"column":6},"end":{"line":57,"column":54}},"13":{"start":{"line":59,"column":6},"end":{"line":59,"column":18}},"14":{"start":{"line":71,"column":4},"end":{"line":76,"column":null}},"15":{"start":{"line":72,"column":22},"end":{"line":72,"column":60}},"16":{"start":{"line":73,"column":6},"end":{"line":73,"column":55}},"17":{"start":{"line":75,"column":6},"end":{"line":75,"column":18}},"18":{"start":{"line":87,"column":4},"end":{"line":95,"column":null}},"19":{"start":{"line":88,"column":6},"end":{"line":89,"column":42}},"20":{"start":{"line":89,"column":8},"end":{"line":89,"column":42}},"21":{"start":{"line":90,"column":31},"end":{"line":90,"column":67}},"22":{"start":{"line":91,"column":26},"end":{"line":91,"column":43}},"23":{"start":{"line":92,"column":6},"end":{"line":92,"column":157}},"24":{"start":{"line":94,"column":6},"end":{"line":94,"column":18}},"25":{"start":{"line":103,"column":4},"end":{"line":109,"column":null}},"26":{"start":{"line":104,"column":45},"end":{"line":104,"column":47}},"27":{"start":{"line":105,"column":6},"end":{"line":105,"column":80}},"28":{"start":{"line":105,"column":37},"end":{"line":105,"column":78}},"29":{"start":{"line":106,"column":6},"end":{"line":106,"column":71}},"30":{"start":{"line":108,"column":6},"end":{"line":108,"column":18}},"31":{"start":{"line":37,"column":0},"end":{"line":37,"column":13}},"32":{"start":{"line":113,"column":0},"end":{"line":113,"column":34}}},"fnMap":{"0":{"name":"numDoesExist","decl":{"start":{"line":17,"column":9},"end":{"line":17,"column":21}},"loc":{"start":{"line":17,"column":55},"end":{"line":21,"column":1}}},"1":{"name":"(anonymous_1)","decl":{"start":{"line":18,"column":20},"end":{"line":18,"column":21}},"loc":{"start":{"line":18,"column":42},"end":{"line":20,"column":3}}},"2":{"name":"getFreeNum","decl":{"start":{"line":27,"column":15},"end":{"line":27,"column":25}},"loc":{"start":{"line":27,"column":25},"end":{"line":32,"column":1}}},"3":{"name":"(anonymous_3)","decl":{"start":{"line":43,"column":2},"end":{"line":43,"column":7}},"loc":{"start":{"line":43,"column":36},"end":{"line":49,"column":3}}},"4":{"name":"(anonymous_4)","decl":{"start":{"line":55,"column":2},"end":{"line":55,"column":7}},"loc":{"start":{"line":55,"column":51},"end":{"line":61,"column":3}}},"5":{"name":"(anonymous_5)","decl":{"start":{"line":70,"column":2},"end":{"line":70,"column":7}},"loc":{"start":{"line":70,"column":42},"end":{"line":77,"column":3}}},"6":{"name":"(anonymous_6)","decl":{"start":{"line":86,"column":2},"end":{"line":86,"column":7}},"loc":{"start":{"line":86,"column":74},"end":{"line":96,"column":3}}},"7":{"name":"(anonymous_7)","decl":{"start":{"line":102,"column":2},"end":{"line":102,"column":7}},"loc":{"start":{"line":102,"column":48},"end":{"line":110,"column":3}}},"8":{"name":"(anonymous_8)","decl":{"start":{"line":105,"column":21},"end":{"line":105,"column":22}},"loc":{"start":{"line":105,"column":37},"end":{"line":105,"column":78}}}},"branchMap":{"0":{"loc":{"start":{"line":73,"column":13},"end":{"line":73,"column":54}},"type":"binary-expr","locations":[{"start":{"line":73,"column":13},"end":{"line":73,"column":29}},{"start":{"line":73,"column":33},"end":{"line":73,"column":54}}]},"1":{"loc":{"start":{"line":86,"column":54},"end":{"line":86,"column":74}},"type":"default-arg","locations":[{"start":{"line":86,"column":69},"end":{"line":86,"column":74}}]},"2":{"loc":{"start":{"line":88,"column":6},"end":{"line":89,"column":42}},"type":"if","locations":[{"start":{"line":88,"column":6},"end":{"line":89,"column":42}}]},"3":{"loc":{"start":{"line":92,"column":83},"end":{"line":92,"column":155}},"type":"cond-expr","locations":[{"start":{"line":92,"column":106},"end":{"line":92,"column":128}},{"start":{"line":92,"column":131},"end":{"line":92,"column":155}}]}},"s":{"0":1,"1":1,"2":1,"3":17,"4":20,"5":9,"6":9,"7":9,"8":9,"9":9,"10":0,"11":5,"12":5,"13":0,"14":2,"15":2,"16":1,"17":0,"18":2,"19":2,"20":0,"21":2,"22":2,"23":2,"24":0,"25":1,"26":1,"27":1,"28":4,"29":1,"30":0,"31":1,"32":1},"f":{"0":17,"1":20,"2":9,"3":9,"4":5,"5":2,"6":2,"7":1,"8":4},"b":{"0":[1,1],"1":[2],"2":[0],"3":[0,2]}}
,"D:\\MAUP\\DB Protection\\App\\server\\src\\products\\sortOptions.ts": {"path":"D:\\MAUP\\DB Protection\\App\\server\\src\\products\\sortOptions.ts","statementMap":{"0":{"start":{"line":5,"column":6},"end":{"line":5,"column":21}},"1":{"start":{"line":6,"column":6},"end":{"line":6,"column":37}},"2":{"start":{"line":7,"column":6},"end":{"line":7,"column":27}},"3":{"start":{"line":11,"column":8},"end":{"line":11,"column":80}},"4":{"start":{"line":1,"column":0},"end":{"line":1,"column":13}},"5":{"start":{"line":18,"column":27},"end":{"line":27,"column":2}},"6":{"start":{"line":29,"column":0},"end":{"line":29,"column":34}}},"fnMap":{"0":{"name":"(anonymous_0)","decl":{"start":{"line":4,"column":4},"end":{"line":4,"column":16}},"loc":{"start":{"line":4,"column":47},"end":{"line":8,"column":5}}},"1":{"name":"(anonymous_1)","decl":{"start":{"line":10,"column":4},"end":{"line":10,"column":10}},"loc":{"start":{"line":10,"column":19},"end":{"line":12,"column":5}}}},"branchMap":{},"s":{"0":0,"1":0,"2":0,"3":0,"4":1,"5":1,"6":1},"f":{"0":0,"1":0},"b":{}}
}
