{"D:\\MAUP\\DB Protection\\App 228\\server\\src\\db\\connectToDB.ts": {"path":"D:\\MAUP\\DB Protection\\App 228\\server\\src\\db\\connectToDB.ts","statementMap":{"0":{"start":{"line":1,"column":0},"end":{"line":1,"column":32}},"1":{"start":{"line":4,"column":2},"end":{"line":9,"column":null}},"2":{"start":{"line":5,"column":4},"end":{"line":5,"column":62}},"3":{"start":{"line":6,"column":4},"end":{"line":6,"column":51}},"4":{"start":{"line":8,"column":4},"end":{"line":8,"column":16}},"5":{"start":{"line":3,"column":0},"end":{"line":3,"column":15}}},"fnMap":{"0":{"name":"connectToDataBase","decl":{"start":{"line":3,"column":30},"end":{"line":3,"column":47}},"loc":{"start":{"line":3,"column":62},"end":{"line":10,"column":1}}}},"branchMap":{},"s":{"0":1,"1":1,"2":1,"3":1,"4":0,"5":1},"f":{"0":1},"b":{}}
,"D:\\MAUP\\DB Protection\\App 228\\server\\src\\products\\product-schema.ts": {"path":"D:\\MAUP\\DB Protection\\App 228\\server\\src\\products\\product-schema.ts","statementMap":{"0":{"start":{"line":1,"column":0},"end":{"line":1,"column":44}},"1":{"start":{"line":14,"column":22},"end":{"line":22,"column":2}},"2":{"start":{"line":24,"column":0},"end":{"line":24,"column":29}}},"fnMap":{},"branchMap":{},"s":{"0":1,"1":1,"2":1},"f":{},"b":{}}
,"D:\\MAUP\\DB Protection\\App 228\\server\\src\\products\\products-service.ts": {"path":"D:\\MAUP\\DB Protection\\App 228\\server\\src\\products\\products-service.ts","statementMap":{"0":{"start":{"line":1,"column":0},"end":{"line":1,"column":53}},"1":{"start":{"line":6,"column":0},"end":{"line":6,"column":72}},"2":{"start":{"line":8,"column":0},"end":{"line":8,"column":48}},"3":{"start":{"line":9,"column":0},"end":{"line":9,"column":31}},"4":{"start":{"line":10,"column":0},"end":{"line":10,"column":54}},"5":{"start":{"line":11,"column":0},"end":{"line":11,"column":24}},"6":{"start":{"line":22,"column":2},"end":{"line":24,"column":5}},"7":{"start":{"line":23,"column":4},"end":{"line":23,"column":33}},"8":{"start":{"line":34,"column":4},"end":{"line":34,"column":49}},"9":{"start":{"line":35,"column":4},"end":{"line":35,"column":52}},"10":{"start":{"line":44,"column":4},"end":{"line":44,"column":46}},"11":{"start":{"line":46,"column":4},"end":{"line":46,"column":48}},"12":{"start":{"line":47,"column":4},"end":{"line":47,"column":13}},"13":{"start":{"line":56,"column":4},"end":{"line":63,"column":null}},"14":{"start":{"line":57,"column":6},"end":{"line":60,"column":9}},"15":{"start":{"line":62,"column":6},"end":{"line":62,"column":18}},"16":{"start":{"line":71,"column":4},"end":{"line":75,"column":null}},"17":{"start":{"line":72,"column":6},"end":{"line":72,"column":59}},"18":{"start":{"line":74,"column":6},"end":{"line":74,"column":18}},"19":{"start":{"line":86,"column":4},"end":{"line":91,"column":null}},"20":{"start":{"line":87,"column":22},"end":{"line":87,"column":65}},"21":{"start":{"line":88,"column":6},"end":{"line":88,"column":55}},"22":{"start":{"line":90,"column":6},"end":{"line":90,"column":18}},"23":{"start":{"line":106,"column":4},"end":{"line":122,"column":null}},"24":{"start":{"line":107,"column":6},"end":{"line":108,"column":42}},"25":{"start":{"line":108,"column":8},"end":{"line":108,"column":42}},"26":{"start":{"line":109,"column":31},"end":{"line":109,"column":67}},"27":{"start":{"line":110,"column":26},"end":{"line":110,"column":43}},"28":{"start":{"line":111,"column":6},"end":{"line":112,"column":50}},"29":{"start":{"line":112,"column":8},"end":{"line":112,"column":50}},"30":{"start":{"line":113,"column":19},"end":{"line":117,"column":null}},"31":{"start":{"line":119,"column":6},"end":{"line":119,"column":18}},"32":{"start":{"line":121,"column":6},"end":{"line":121,"column":18}},"33":{"start":{"line":126,"column":4},"end":{"line":131,"column":null}},"34":{"start":{"line":127,"column":42},"end":{"line":127,"column":71}},"35":{"start":{"line":128,"column":6},"end":{"line":128,"column":69}},"36":{"start":{"line":130,"column":6},"end":{"line":130,"column":18}},"37":{"start":{"line":135,"column":4},"end":{"line":152,"column":null}},"38":{"start":{"line":136,"column":6},"end":{"line":149,"column":9}},"39":{"start":{"line":151,"column":6},"end":{"line":151,"column":18}},"40":{"start":{"line":156,"column":21},"end":{"line":156,"column":57}},"41":{"start":{"line":157,"column":4},"end":{"line":161,"column":null}},"42":{"start":{"line":158,"column":6},"end":{"line":158,"column":75}},"43":{"start":{"line":160,"column":6},"end":{"line":160,"column":18}},"44":{"start":{"line":165,"column":4},"end":{"line":174,"column":null}},"45":{"start":{"line":166,"column":24},"end":{"line":166,"column":26}},"46":{"start":{"line":167,"column":6},"end":{"line":167,"column":31}},"47":{"start":{"line":168,"column":6},"end":{"line":171,"column":8}},"48":{"start":{"line":173,"column":6},"end":{"line":173,"column":18}},"49":{"start":{"line":188,"column":47},"end":{"line":195,"column":6}},"50":{"start":{"line":197,"column":26},"end":{"line":221,"column":5}},"51":{"start":{"line":198,"column":33},"end":{"line":209,"column":8}},"52":{"start":{"line":210,"column":6},"end":{"line":219,"column":9}},"53":{"start":{"line":211,"column":18},"end":{"line":211,"column":20}},"54":{"start":{"line":212,"column":24},"end":{"line":212,"column":33}},"55":{"start":{"line":213,"column":8},"end":{"line":217,"column":11}},"56":{"start":{"line":214,"column":10},"end":{"line":216,"column":46}},"57":{"start":{"line":215,"column":12},"end":{"line":215,"column":52}},"58":{"start":{"line":216,"column":17},"end":{"line":216,"column":46}},"59":{"start":{"line":218,"column":8},"end":{"line":218,"column":38}},"60":{"start":{"line":220,"column":6},"end":{"line":220,"column":22}},"61":{"start":{"line":223,"column":24},"end":{"line":231,"column":5}},"62":{"start":{"line":224,"column":19},"end":{"line":226,"column":8}},"63":{"start":{"line":227,"column":26},"end":{"line":227,"column":57}},"64":{"start":{"line":228,"column":6},"end":{"line":228,"column":76}},"65":{"start":{"line":229,"column":6},"end":{"line":229,"column":30}},"66":{"start":{"line":230,"column":6},"end":{"line":230,"column":24}},"67":{"start":{"line":233,"column":25},"end":{"line":321,"column":5}},"68":{"start":{"line":244,"column":10},"end":{"line":244,"column":14}},"69":{"start":{"line":246,"column":22},"end":{"line":246,"column":24}},"70":{"start":{"line":247,"column":6},"end":{"line":271,"column":null}},"71":{"start":{"line":248,"column":20},"end":{"line":248,"column":22}},"72":{"start":{"line":249,"column":21},"end":{"line":249,"column":30}},"73":{"start":{"line":250,"column":8},"end":{"line":266,"column":null}},"74":{"start":{"line":251,"column":36},"end":{"line":254,"column":null}},"75":{"start":{"line":255,"column":10},"end":{"line":261,"column":null}},"76":{"start":{"line":256,"column":12},"end":{"line":260,"column":null}},"77":{"start":{"line":262,"column":23},"end":{"line":264,"column":12}},"78":{"start":{"line":265,"column":10},"end":{"line":265,"column":null}},"79":{"start":{"line":267,"column":20},"end":{"line":269,"column":10}},"80":{"start":{"line":270,"column":8},"end":{"line":270,"column":40}},"81":{"start":{"line":273,"column":20},"end":{"line":305,"column":8}},"82":{"start":{"line":307,"column":18},"end":{"line":316,"column":8}},"83":{"start":{"line":318,"column":6},"end":{"line":320,"column":9}},"84":{"start":{"line":319,"column":8},"end":{"line":319,"column":50}},"85":{"start":{"line":323,"column":33},"end":{"line":340,"column":5}},"86":{"start":{"line":324,"column":38},"end":{"line":324,"column":40}},"87":{"start":{"line":325,"column":6},"end":{"line":338,"column":9}},"88":{"start":{"line":326,"column":36},"end":{"line":326,"column":38}},"89":{"start":{"line":327,"column":8},"end":{"line":336,"column":11}},"90":{"start":{"line":328,"column":29},"end":{"line":328,"column":51}},"91":{"start":{"line":329,"column":10},"end":{"line":335,"column":null}},"92":{"start":{"line":334,"column":12},"end":{"line":334,"column":58}},"93":{"start":{"line":337,"column":8},"end":{"line":337,"column":71}},"94":{"start":{"line":339,"column":6},"end":{"line":339,"column":25}},"95":{"start":{"line":342,"column":4},"end":{"line":368,"column":null}},"96":{"start":{"line":343,"column":28},"end":{"line":343,"column":30}},"97":{"start":{"line":344,"column":6},"end":{"line":348,"column":9}},"98":{"start":{"line":345,"column":24},"end":{"line":345,"column":26}},"99":{"start":{"line":346,"column":8},"end":{"line":346,"column":49}},"100":{"start":{"line":347,"column":8},"end":{"line":347,"column":36}},"101":{"start":{"line":350,"column":40},"end":{"line":356,"column":8}},"102":{"start":{"line":358,"column":40},"end":{"line":358,"column":75}},"103":{"start":{"line":360,"column":6},"end":{"line":365,"column":null}},"104":{"start":{"line":362,"column":10},"end":{"line":362,"column":35}},"105":{"start":{"line":364,"column":10},"end":{"line":364,"column":36}},"106":{"start":{"line":367,"column":6},"end":{"line":367,"column":18}},"107":{"start":{"line":372,"column":0},"end":{"line":372,"column":30}}},"fnMap":{"0":{"name":"numDoesExist","decl":{"start":{"line":21,"column":9},"end":{"line":21,"column":21}},"loc":{"start":{"line":21,"column":55},"end":{"line":25,"column":1}}},"1":{"name":"(anonymous_1)","decl":{"start":{"line":22,"column":20},"end":{"line":22,"column":21}},"loc":{"start":{"line":22,"column":42},"end":{"line":24,"column":3}}},"2":{"name":"(anonymous_2)","decl":{"start":{"line":33,"column":2},"end":{"line":33,"column":14}},"loc":{"start":{"line":33,"column":47},"end":{"line":36,"column":3}}},"3":{"name":"(anonymous_3)","decl":{"start":{"line":42,"column":2},"end":{"line":42,"column":7}},"loc":{"start":{"line":42,"column":18},"end":{"line":48,"column":3}}},"4":{"name":"(anonymous_4)","decl":{"start":{"line":55,"column":2},"end":{"line":55,"column":7}},"loc":{"start":{"line":55,"column":36},"end":{"line":64,"column":3}}},"5":{"name":"(anonymous_5)","decl":{"start":{"line":70,"column":2},"end":{"line":70,"column":7}},"loc":{"start":{"line":70,"column":51},"end":{"line":76,"column":3}}},"6":{"name":"(anonymous_6)","decl":{"start":{"line":85,"column":2},"end":{"line":85,"column":7}},"loc":{"start":{"line":85,"column":42},"end":{"line":92,"column":3}}},"7":{"name":"(anonymous_7)","decl":{"start":{"line":101,"column":2},"end":{"line":101,"column":7}},"loc":{"start":{"line":104,"column":24},"end":{"line":123,"column":3}}},"8":{"name":"(anonymous_8)","decl":{"start":{"line":125,"column":2},"end":{"line":125,"column":7}},"loc":{"start":{"line":125,"column":36},"end":{"line":132,"column":3}}},"9":{"name":"(anonymous_9)","decl":{"start":{"line":134,"column":2},"end":{"line":134,"column":7}},"loc":{"start":{"line":134,"column":21},"end":{"line":153,"column":3}}},"10":{"name":"(anonymous_10)","decl":{"start":{"line":155,"column":2},"end":{"line":155,"column":7}},"loc":{"start":{"line":155,"column":22},"end":{"line":162,"column":3}}},"11":{"name":"(anonymous_11)","decl":{"start":{"line":164,"column":2},"end":{"line":164,"column":7}},"loc":{"start":{"line":164,"column":64},"end":{"line":175,"column":3}}},"12":{"name":"(anonymous_12)","decl":{"start":{"line":177,"column":2},"end":{"line":177,"column":7}},"loc":{"start":{"line":177,"column":33},"end":{"line":369,"column":3}}},"13":{"name":"(anonymous_13)","decl":{"start":{"line":197,"column":26},"end":{"line":197,"column":27}},"loc":{"start":{"line":197,"column":61},"end":{"line":221,"column":5}}},"14":{"name":"(anonymous_14)","decl":{"start":{"line":210,"column":15},"end":{"line":210,"column":16}},"loc":{"start":{"line":210,"column":36},"end":{"line":219,"column":7}}},"15":{"name":"(anonymous_15)","decl":{"start":{"line":213,"column":33},"end":{"line":213,"column":34}},"loc":{"start":{"line":213,"column":49},"end":{"line":217,"column":9}}},"16":{"name":"(anonymous_16)","decl":{"start":{"line":223,"column":24},"end":{"line":223,"column":25}},"loc":{"start":{"line":223,"column":54},"end":{"line":231,"column":5}}},"17":{"name":"(anonymous_17)","decl":{"start":{"line":233,"column":25},"end":{"line":233,"column":26}},"loc":{"start":{"line":233,"column":55},"end":{"line":321,"column":5}}},"18":{"name":"(anonymous_18)","decl":{"start":{"line":247,"column":22},"end":{"line":247,"column":23}},"loc":{"start":{"line":247,"column":43},"end":{"line":271,"column":7}}},"19":{"name":"(anonymous_19)","decl":{"start":{"line":250,"column":30},"end":{"line":250,"column":31}},"loc":{"start":{"line":250,"column":46},"end":{"line":266,"column":9}}},"20":{"name":"(anonymous_20)","decl":{"start":{"line":318,"column":32},"end":{"line":318,"column":33}},"loc":{"start":{"line":318,"column":43},"end":{"line":320,"column":7}}},"21":{"name":"(anonymous_21)","decl":{"start":{"line":323,"column":33},"end":{"line":323,"column":34}},"loc":{"start":{"line":323,"column":58},"end":{"line":340,"column":5}}},"22":{"name":"(anonymous_22)","decl":{"start":{"line":325,"column":19},"end":{"line":325,"column":20}},"loc":{"start":{"line":325,"column":41},"end":{"line":338,"column":7}}},"23":{"name":"(anonymous_23)","decl":{"start":{"line":327,"column":29},"end":{"line":327,"column":30}},"loc":{"start":{"line":327,"column":59},"end":{"line":336,"column":9}}},"24":{"name":"(anonymous_24)","decl":{"start":{"line":344,"column":27},"end":{"line":344,"column":28}},"loc":{"start":{"line":344,"column":57},"end":{"line":348,"column":7}}}},"branchMap":{"0":{"loc":{"start":{"line":88,"column":13},"end":{"line":88,"column":54}},"type":"binary-expr","locations":[{"start":{"line":88,"column":13},"end":{"line":88,"column":29}},{"start":{"line":88,"column":33},"end":{"line":88,"column":54}}]},"1":{"loc":{"start":{"line":104,"column":4},"end":{"line":104,"column":24}},"type":"default-arg","locations":[{"start":{"line":104,"column":19},"end":{"line":104,"column":24}}]},"2":{"loc":{"start":{"line":107,"column":6},"end":{"line":108,"column":42}},"type":"if","locations":[{"start":{"line":107,"column":6},"end":{"line":108,"column":42}}]},"3":{"loc":{"start":{"line":111,"column":6},"end":{"line":112,"column":50}},"type":"if","locations":[{"start":{"line":111,"column":6},"end":{"line":112,"column":50}}]},"4":{"loc":{"start":{"line":117,"column":10},"end":{"line":117,"column":80}},"type":"cond-expr","locations":[{"start":{"line":117,"column":31},"end":{"line":117,"column":53}},{"start":{"line":117,"column":56},"end":{"line":117,"column":80}}]},"5":{"loc":{"start":{"line":214,"column":10},"end":{"line":216,"column":46}},"type":"if","locations":[{"start":{"line":214,"column":10},"end":{"line":216,"column":46}},{"start":{"line":216,"column":17},"end":{"line":216,"column":46}}]},"6":{"loc":{"start":{"line":255,"column":10},"end":{"line":261,"column":null}},"type":"if","locations":[{"start":{"line":255,"column":10},"end":{"line":261,"column":null}}]},"7":{"loc":{"start":{"line":329,"column":10},"end":{"line":335,"column":null}},"type":"if","locations":[{"start":{"line":329,"column":10},"end":{"line":335,"column":null}}]},"8":{"loc":{"start":{"line":330,"column":12},"end":{"line":332,"column":26}},"type":"binary-expr","locations":[{"start":{"line":330,"column":13},"end":{"line":330,"column":43}},{"start":{"line":331,"column":14},"end":{"line":331,"column":44}},{"start":{"line":332,"column":12},"end":{"line":332,"column":26}}]},"9":{"loc":{"start":{"line":360,"column":6},"end":{"line":365,"column":null}},"type":"switch","locations":[{"start":{"line":361,"column":8},"end":{"line":362,"column":35}},{"start":{"line":363,"column":8},"end":{"line":364,"column":36}}]}},"s":{"0":1,"1":1,"2":1,"3":1,"4":1,"5":1,"6":4,"7":2,"8":2,"9":2,"10":3,"11":3,"12":3,"13":3,"14":3,"15":0,"16":3,"17":3,"18":0,"19":1,"20":1,"21":1,"22":0,"23":0,"24":0,"25":0,"26":0,"27":0,"28":0,"29":0,"30":0,"31":0,"32":0,"33":0,"34":0,"35":0,"36":0,"37":0,"38":0,"39":0,"40":0,"41":0,"42":0,"43":0,"44":0,"45":0,"46":0,"47":0,"48":0,"49":0,"50":0,"51":0,"52":0,"53":0,"54":0,"55":0,"56":0,"57":0,"58":0,"59":0,"60":0,"61":0,"62":0,"63":0,"64":0,"65":0,"66":0,"67":0,"68":0,"69":0,"70":0,"71":0,"72":0,"73":0,"74":0,"75":0,"76":0,"77":0,"78":0,"79":0,"80":0,"81":0,"82":0,"83":0,"84":0,"85":0,"86":0,"87":0,"88":0,"89":0,"90":0,"91":0,"92":0,"93":0,"94":0,"95":0,"96":0,"97":0,"98":0,"99":0,"100":0,"101":0,"102":0,"103":0,"104":0,"105":0,"106":0,"107":1},"f":{"0":4,"1":2,"2":2,"3":3,"4":3,"5":3,"6":1,"7":0,"8":0,"9":0,"10":0,"11":0,"12":0,"13":0,"14":0,"15":0,"16":0,"17":0,"18":0,"19":0,"20":0,"21":0,"22":0,"23":0,"24":0},"b":{"0":[1,1],"1":[0],"2":[0],"3":[0],"4":[0,0],"5":[0,0],"6":[0],"7":[0],"8":[0,0,0],"9":[0,0]}}
,"D:\\MAUP\\DB Protection\\App 228\\server\\src\\products\\sortOptions.ts": {"path":"D:\\MAUP\\DB Protection\\App 228\\server\\src\\products\\sortOptions.ts","statementMap":{"0":{"start":{"line":5,"column":4},"end":{"line":5,"column":19}},"1":{"start":{"line":6,"column":4},"end":{"line":6,"column":35}},"2":{"start":{"line":7,"column":4},"end":{"line":7,"column":25}},"3":{"start":{"line":11,"column":4},"end":{"line":11,"column":76}},"4":{"start":{"line":1,"column":0},"end":{"line":1,"column":13}},"5":{"start":{"line":18,"column":27},"end":{"line":27,"column":2}},"6":{"start":{"line":29,"column":0},"end":{"line":29,"column":34}}},"fnMap":{"0":{"name":"(anonymous_0)","decl":{"start":{"line":4,"column":2},"end":{"line":4,"column":14}},"loc":{"start":{"line":4,"column":45},"end":{"line":8,"column":3}}},"1":{"name":"(anonymous_1)","decl":{"start":{"line":10,"column":2},"end":{"line":10,"column":8}},"loc":{"start":{"line":10,"column":17},"end":{"line":12,"column":3}}}},"branchMap":{},"s":{"0":0,"1":0,"2":0,"3":0,"4":1,"5":1,"6":1},"f":{"0":0,"1":0},"b":{}}
}
