TN:
SF:src\db\connectToDB.ts
FN:3,connectToDataBase
FNF:1
FNH:1
FNDA:1,connectToDataBase
DA:1,1
DA:3,1
DA:4,1
DA:5,1
DA:6,1
DA:8,0
LF:6
LH:5
BRF:0
BRH:0
end_of_record
TN:
SF:src\products\product-schema.ts
FNF:0
FNH:0
DA:1,1
DA:14,1
DA:24,1
LF:3
LH:3
BRF:0
BRH:0
end_of_record
TN:
SF:src\products\products-service.ts
FN:21,numDoesExist
FN:22,(anonymous_1)
FN:33,(anonymous_2)
FN:42,(anonymous_3)
FN:55,(anonymous_4)
FN:70,(anonymous_5)
FN:85,(anonymous_6)
FN:101,(anonymous_7)
FN:125,(anonymous_8)
FN:134,(anonymous_9)
FN:155,(anonymous_10)
FN:164,(anonymous_11)
FN:177,(anonymous_12)
FN:197,(anonymous_13)
FN:210,(anonymous_14)
FN:213,(anonymous_15)
FN:223,(anonymous_16)
FN:233,(anonymous_17)
FN:247,(anonymous_18)
FN:250,(anonymous_19)
FN:318,(anonymous_20)
FN:323,(anonymous_21)
FN:325,(anonymous_22)
FN:327,(anonymous_23)
FN:344,(anonymous_24)
FNF:25
FNH:7
FNDA:4,numDoesExist
FNDA:2,(anonymous_1)
FNDA:2,(anonymous_2)
FNDA:3,(anonymous_3)
FNDA:3,(anonymous_4)
FNDA:3,(anonymous_5)
FNDA:1,(anonymous_6)
FNDA:0,(anonymous_7)
FNDA:0,(anonymous_8)
FNDA:0,(anonymous_9)
FNDA:0,(anonymous_10)
FNDA:0,(anonymous_11)
FNDA:0,(anonymous_12)
FNDA:0,(anonymous_13)
FNDA:0,(anonymous_14)
FNDA:0,(anonymous_15)
FNDA:0,(anonymous_16)
FNDA:0,(anonymous_17)
FNDA:0,(anonymous_18)
FNDA:0,(anonymous_19)
FNDA:0,(anonymous_20)
FNDA:0,(anonymous_21)
FNDA:0,(anonymous_22)
FNDA:0,(anonymous_23)
FNDA:0,(anonymous_24)
DA:1,1
DA:6,1
DA:8,1
DA:9,1
DA:10,1
DA:11,1
DA:22,4
DA:23,2
DA:34,2
DA:35,2
DA:44,3
DA:46,3
DA:47,3
DA:56,3
DA:57,3
DA:62,0
DA:71,3
DA:72,3
DA:74,0
DA:86,1
DA:87,1
DA:88,1
DA:90,0
DA:106,0
DA:107,0
DA:108,0
DA:109,0
DA:110,0
DA:111,0
DA:112,0
DA:113,0
DA:119,0
DA:121,0
DA:126,0
DA:127,0
DA:128,0
DA:130,0
DA:135,0
DA:136,0
DA:151,0
DA:156,0
DA:157,0
DA:158,0
DA:160,0
DA:165,0
DA:166,0
DA:167,0
DA:168,0
DA:173,0
DA:188,0
DA:197,0
DA:198,0
DA:210,0
DA:211,0
DA:212,0
DA:213,0
DA:214,0
DA:215,0
DA:216,0
DA:218,0
DA:220,0
DA:223,0
DA:224,0
DA:227,0
DA:228,0
DA:229,0
DA:230,0
DA:233,0
DA:244,0
DA:246,0
DA:247,0
DA:248,0
DA:249,0
DA:250,0
DA:251,0
DA:255,0
DA:256,0
DA:262,0
DA:265,0
DA:267,0
DA:270,0
DA:273,0
DA:307,0
DA:318,0
DA:319,0
DA:323,0
DA:324,0
DA:325,0
DA:326,0
DA:327,0
DA:328,0
DA:329,0
DA:334,0
DA:337,0
DA:339,0
DA:342,0
DA:343,0
DA:344,0
DA:345,0
DA:346,0
DA:347,0
DA:350,0
DA:358,0
DA:360,0
DA:362,0
DA:364,0
DA:367,0
DA:372,1
LF:108
LH:21
BRDA:88,0,0,1
BRDA:88,0,1,1
BRDA:104,1,0,0
BRDA:107,2,0,0
BRDA:111,3,0,0
BRDA:117,4,0,0
BRDA:117,4,1,0
BRDA:214,5,0,0
BRDA:214,5,1,0
BRDA:255,6,0,0
BRDA:329,7,0,0
BRDA:330,8,0,0
BRDA:330,8,1,0
BRDA:330,8,2,0
BRDA:360,9,0,0
BRDA:360,9,1,0
BRF:16
BRH:2
end_of_record
TN:
SF:src\products\sortOptions.ts
FN:4,(anonymous_0)
FN:10,(anonymous_1)
FNF:2
FNH:0
FNDA:0,(anonymous_0)
FNDA:0,(anonymous_1)
DA:1,1
DA:5,0
DA:6,0
DA:7,0
DA:11,0
DA:18,1
DA:29,1
LF:7
LH:3
BRF:0
BRH:0
end_of_record
