TN:
SF:src\db\connectToDB.ts
FN:3,connectToDataBase
FNF:1
FNH:1
FNDA:2,connectToDataBase
DA:1,1
DA:3,1
DA:4,2
DA:5,2
DA:6,1
DA:8,1
LF:6
LH:6
BRF:0
BRH:0
end_of_record
TN:
SF:src\products\product-model.ts
FNF:0
FNH:0
DA:2,1
DA:15,1
DA:25,1
DA:27,1
LF:4
LH:4
BRF:0
BRH:0
end_of_record
TN:
SF:src\products\products-service.ts
FN:17,numDoesExist
FN:18,(anonymous_1)
FN:27,getFreeNum
FN:43,(anonymous_3)
FN:55,(anonymous_4)
FN:70,(anonymous_5)
FN:86,(anonymous_6)
FN:102,(anonymous_7)
FN:105,(anonymous_8)
FNF:9
FNH:9
FNDA:17,numDoesExist
FNDA:20,(anonymous_1)
FNDA:9,getFreeNum
FNDA:9,(anonymous_3)
FNDA:5,(anonymous_4)
FNDA:2,(anonymous_5)
FNDA:2,(anonymous_6)
FNDA:1,(anonymous_7)
FNDA:4,(anonymous_8)
DA:1,1
DA:3,1
DA:6,1
DA:18,17
DA:19,20
DA:28,9
DA:30,9
DA:31,9
DA:37,1
DA:44,9
DA:45,9
DA:47,0
DA:56,5
DA:57,5
DA:59,0
DA:71,2
DA:72,2
DA:73,1
DA:75,0
DA:87,2
DA:88,2
DA:89,0
DA:90,2
DA:91,2
DA:92,2
DA:94,0
DA:103,1
DA:104,1
DA:105,4
DA:106,1
DA:108,0
DA:113,1
LF:32
LH:26
BRDA:73,0,0,1
BRDA:73,0,1,1
BRDA:86,1,0,2
BRDA:88,2,0,0
BRDA:92,3,0,0
BRDA:92,3,1,2
BRF:6
BRH:4
end_of_record
TN:
SF:src\products\sortOptions.ts
FN:4,(anonymous_0)
FN:10,(anonymous_1)
FNF:2
FNH:0
FNDA:0,(anonymous_0)
FNDA:0,(anonymous_1)
DA:1,1
DA:5,0
DA:6,0
DA:7,0
DA:11,0
DA:18,1
DA:29,1
LF:7
LH:3
BRF:0
BRH:0
end_of_record
